# JRE version: OpenJDK Runtime Environment Temurin-24.0.1+9 (24.0.1+9) (build 24.0.1+9)
# Java VM: OpenJDK 64-Bit Server VM Temurin-24.0.1+9 (24.0.1+9, mixed mode, sharing, tiered, compressed oops, compressed class ptrs, g1 gc, windows-amd64)
GC Precious Log:
 CardTable entry size: 512
 Card Set container configuration: InlinePtr #cards 4 size 8 Array Of Cards #cards 16 size 48 Howl #buckets 8 coarsen threshold 3686 Howl Bitmap #cards 512 size 80 coarsen threshold 460 Card regions per heap region 1 cards per card region 4096
 CPUs: 16 total, 16 available
 Memory: 16119M
 Large Page Support: Disabled
 NUMA Support: Disabled
 Compressed Oops: Enabled (Zero based)
 Heap Region Size: 2M
 Heap Min Capacity: 8M
 Heap Initial Capacity: 252M
 Heap Max Capacity: 4030M
 Pre-touch: Disabled
 Parallel Workers: 13
 Concurrent Workers: 3
 Concurrent Refinement Workers: 13
 Periodic GC: Disabled
Heap:
 garbage-first heap   total reserved 4126720K, committed 260096K, used 116707K [0x0000000704200000, 0x0000000800000000)
  region size 2048K, 58 young (118784K), 2 survivors (4096K)
 Metaspace       used 8077K, committed 8384K, reserved 1114112K
  class space    used 731K, committed 896K, reserved 1048576K
GC Heap History (16 events):
Event: 2.832 GC heap before
{Heap before GC invocations=0 (full 0):
 garbage-first heap   total reserved 4126720K, committed 260096K, used 50288K [0x0000000704200000, 0x0000000800000000)
  region size 2048K, 24 young (49152K), 0 survivors (0K)
 Metaspace       used 6482K, committed 6656K, reserved 1114112K
  class space    used 572K, committed 640K, reserved 1048576K
}
Event: 2.834 GC heap after
{Heap after GC invocations=1 (full 0):
 garbage-first heap   total reserved 4126720K, committed 260096K, used 3915K [0x0000000704200000, 0x0000000800000000)
  region size 2048K, 2 young (4096K), 2 survivors (4096K)
 Metaspace       used 6482K, committed 6656K, reserved 1114112K
  class space    used 572K, committed 640K, reserved 1048576K
}
Event: 4.249 GC heap before
{Heap before GC invocations=1 (full 0):
 garbage-first heap   total reserved 4126720K, committed 260096K, used 116555K [0x0000000704200000, 0x0000000800000000)
  region size 2048K, 57 young (116736K), 2 survivors (4096K)
 Metaspace       used 6508K, committed 6720K, reserved 1114112K
  class space    used 572K, committed 640K, reserved 1048576K
}
Event: 4.251 GC heap after
{Heap after GC invocations=2 (full 0):
 garbage-first heap   total reserved 4126720K, committed 260096K, used 4041K [0x0000000704200000, 0x0000000800000000)
  region size 2048K, 2 young (4096K), 2 survivors (4096K)
 Metaspace       used 6508K, committed 6720K, reserved 1114112K
  class space    used 572K, committed 640K, reserved 1048576K
}
Event: 5.903 GC heap before
{Heap before GC invocations=2 (full 0):
 garbage-first heap   total reserved 4126720K, committed 260096K, used 135113K [0x0000000704200000, 0x0000000800000000)
  region size 2048K, 66 young (135168K), 2 survivors (4096K)
 Metaspace       used 6522K, committed 6720K, reserved 1114112K
  class space    used 572K, committed 640K, reserved 1048576K
}
Event: 5.905 GC heap after
{Heap after GC invocations=3 (full 0):
 garbage-first heap   total reserved 4126720K, committed 260096K, used 3806K [0x0000000704200000, 0x0000000800000000)
  region size 2048K, 2 young (4096K), 2 survivors (4096K)
 Metaspace       used 6522K, committed 6720K, reserved 1114112K
  class space    used 572K, committed 640K, reserved 1048576K
}
Event: 7.719 GC heap before
{Heap before GC invocations=3 (full 0):
 garbage-first heap   total reserved 4126720K, committed 260096K, used 151262K [0x0000000704200000, 0x0000000800000000)
  region size 2048K, 74 young (151552K), 2 survivors (4096K)
 Metaspace       used 6540K, committed 6720K, reserved 1114112K
  class space    used 572K, committed 640K, reserved 1048576K
}
Event: 7.721 GC heap after
{Heap after GC invocations=4 (full 0):
 garbage-first heap   total reserved 4126720K, committed 260096K, used 3888K [0x0000000704200000, 0x0000000800000000)
  region size 2048K, 2 young (4096K), 2 survivors (4096K)
 Metaspace       used 6540K, committed 6720K, reserved 1114112K
  class space    used 572K, committed 640K, reserved 1048576K
}
Event: 9.567 GC heap before
{Heap before GC invocations=4 (full 0):
 garbage-first heap   total reserved 4126720K, committed 260096K, used 153392K [0x0000000704200000, 0x0000000800000000)
  region size 2048K, 75 young (153600K), 2 survivors (4096K)
 Metaspace       used 6558K, committed 6720K, reserved 1114112K
  class space    used 572K, committed 640K, reserved 1048576K
}
Event: 9.569 GC heap after
{Heap after GC invocations=5 (full 0):
 garbage-first heap   total reserved 4126720K, committed 260096K, used 3957K [0x0000000704200000, 0x0000000800000000)
  region size 2048K, 2 young (4096K), 2 survivors (4096K)
 Metaspace       used 6558K, committed 6720K, reserved 1114112K
  class space    used 572K, committed 640K, reserved 1048576K
}
Event: 11.427 GC heap before
{Heap before GC invocations=5 (full 0):
 garbage-first heap   total reserved 4126720K, committed 260096K, used 153461K [0x0000000704200000, 0x0000000800000000)
  region size 2048K, 75 young (153600K), 2 survivors (4096K)
 Metaspace       used 6571K, committed 6784K, reserved 1114112K
  class space    used 572K, committed 640K, reserved 1048576K
}
Event: 11.429 GC heap after
{Heap after GC invocations=6 (full 0):
 garbage-first heap   total reserved 4126720K, committed 260096K, used 3936K [0x0000000704200000, 0x0000000800000000)
  region size 2048K, 2 young (4096K), 2 survivors (4096K)
 Metaspace       used 6571K, committed 6784K, reserved 1114112K
  class space    used 572K, committed 640K, reserved 1048576K
}
Event: 13.319 GC heap before
{Heap before GC invocations=6 (full 0):
 garbage-first heap   total reserved 4126720K, committed 260096K, used 153440K [0x0000000704200000, 0x0000000800000000)
  region size 2048K, 75 young (153600K), 2 survivors (4096K)
 Metaspace       used 6585K, committed 6784K, reserved 1114112K
  class space    used 572K, committed 640K, reserved 1048576K
}
Event: 13.321 GC heap after
{Heap after GC invocations=7 (full 0):
 garbage-first heap   total reserved 4126720K, committed 260096K, used 3998K [0x0000000704200000, 0x0000000800000000)
  region size 2048K, 2 young (4096K), 2 survivors (4096K)
 Metaspace       used 6585K, committed 6784K, reserved 1114112K
  class space    used 572K, committed 640K, reserved 1048576K
}
Event: 15.172 GC heap before
{Heap before GC invocations=7 (full 0):
 garbage-first heap   total reserved 4126720K, committed 260096K, used 153502K [0x0000000704200000, 0x0000000800000000)
  region size 2048K, 75 young (153600K), 2 survivors (4096K)
 Metaspace       used 6611K, committed 6784K, reserved 1114112K
  class space    used 572K, committed 640K, reserved 1048576K
}
Event: 15.174 GC heap after
{Heap after GC invocations=8 (full 0):
 garbage-first heap   total reserved 4126720K, committed 260096K, used 4067K [0x0000000704200000, 0x0000000800000000)
  region size 2048K, 2 young (4096K), 2 survivors (4096K)
 Metaspace       used 6611K, committed 6784K, reserved 1114112K
  class space    used 572K, committed 640K, reserved 1048576K
}

